<?xml version="1.0" encoding="UTF-8"?>
<!-- Generated by org.testng.reporters.JUnitReportReporter -->
<testsuite hostname="LTIN275543" failures="0" tests="2" name="testCases.TC_001_HomePage" time="14.049" errors="0" timestamp="2024-01-25T17:31:29 IST" skipped="0">
  <testcase classname="testCases.TC_001_HomePage" name="verify_userDetails" time="10.496"/>
  <testcase classname="testCases.TC_001_HomePage" name="verify_OneCognizant" time="3.553"/>
</testsuite> <!-- testCases.TC_001_HomePage -->
