<?xml version="1.0" encoding="UTF-8"?>
<!-- Generated by org.testng.reporters.JUnitReportReporter -->
<testsuite hostname="LTIN275543" failures="0" tests="1" name="testCases.TC_002_OneCognizantPage" time="9.521" errors="0" timestamp="2024-01-25T17:31:29 IST" skipped="0">
  <testcase classname="testCases.TC_002_OneCognizantPage" name="clickSubmitTimesheet" time="9.521"/>
</testsuite> <!-- testCases.TC_002_OneCognizantPage -->
