<?xml version="1.0" encoding="UTF-8"?>
<!-- Generated by org.testng.reporters.JUnitReportReporter -->
<testsuite hostname="LTIN275543" failures="0" tests="3" name="testCases.TC_003_VerifyTimesheet" time="15.053" errors="0" timestamp="2024-01-25T17:31:29 IST" skipped="0">
  <testcase classname="testCases.TC_003_VerifyTimesheet" name="test_validateLast3Week" time="6.104"/>
  <testcase classname="testCases.TC_003_VerifyTimesheet" name="test_validateSearchBy" time="0.085"/>
  <testcase classname="testCases.TC_003_VerifyTimesheet" name="test_validateSearchByDate" time="8.864"/>
</testsuite> <!-- testCases.TC_003_VerifyTimesheet -->
